2018-01-22 15:19:21.142 [AWT-EventQueue-0] INFO  ihm - list proprietes recup sur le fichier lors de lecture : 
{mode=mode CHALLENGER, longueur combinaison=4, developpement=0, nombres d'essai=10, jeu=Jeu de recherche plus moins}
2018-01-22 15:19:21.143 [AWT-EventQueue-0] INFO  ihm - Ctrl jeu :Jeu de recherche plus moins
2018-01-22 15:19:21.143 [AWT-EventQueue-0] INFO  ihm - Ctrl mode : mode CHALLENGER
2018-01-22 15:19:21.144 [AWT-EventQueue-0] INFO  ihm - Ctrl nb coup :10
2018-01-22 15:19:21.144 [AWT-EventQueue-0] INFO  ihm - Ctrl lgueur :4
2018-01-22 15:19:21.144 [AWT-EventQueue-0] INFO  ihm - Ctrl mode dev : 0
2018-01-22 15:19:21.144 [AWT-EventQueue-0] INFO  ihm - Ctrl chiffre/couleur : 0
2018-01-22 15:19:23.938 [AWT-EventQueue-0] DEBUG ihm - Ctrl modeDev : 0
2018-01-22 15:19:23.939 [AWT-EventQueue-0] INFO  ihm - la combo gagnante : 1940
2018-01-22 15:19:25.857 [AWT-EventQueue-0] DEBUG ihm - le tour du joueur : 0
2018-01-22 15:19:25.857 [AWT-EventQueue-0] DEBUG ihm - la lettre transmise : 4 - 4
2018-01-22 15:19:26.031 [AWT-EventQueue-0] DEBUG ihm - le tour du joueur : 0
2018-01-22 15:19:26.031 [AWT-EventQueue-0] DEBUG ihm - la lettre transmise : 5 - 5
2018-01-22 15:19:26.287 [AWT-EventQueue-0] DEBUG ihm - le tour du joueur : 0
2018-01-22 15:19:26.287 [AWT-EventQueue-0] DEBUG ihm - la lettre transmise : 7 - 7
2018-01-22 15:19:26.585 [AWT-EventQueue-0] DEBUG ihm - le tour du joueur : 0
2018-01-22 15:19:26.585 [AWT-EventQueue-0] DEBUG ihm - la lettre transmise : 8 - 8
2018-01-22 15:19:27.183 [AWT-EventQueue-0] DEBUG ihm - le tour du joueur : 0
2018-01-22 15:19:27.183 [AWT-EventQueue-0] DEBUG ihm - la lettre transmise : 0 - 0
2018-01-22 15:19:27.839 [AWT-EventQueue-0] DEBUG ihm - le tour du joueur : 0
2018-01-22 15:19:27.839 [AWT-EventQueue-0] DEBUG ihm - la lettre transmise : 0 - 0
2018-01-22 15:19:28.015 [AWT-EventQueue-0] DEBUG ihm - le tour du joueur : 0
2018-01-22 15:19:28.015 [AWT-EventQueue-0] DEBUG ihm - la lettre transmise : 0 - 0
2018-01-22 15:19:28.135 [AWT-EventQueue-0] DEBUG ihm - le tour du joueur : 0
2018-01-22 15:19:28.135 [AWT-EventQueue-0] DEBUG ihm - la lettre transmise : 0 - 0
2018-01-22 15:19:28.599 [AWT-EventQueue-0] DEBUG ihm - le tour du joueur : 0
2018-01-22 15:19:28.599 [AWT-EventQueue-0] DEBUG ihm - la lettre transmise : 0 - 0
2018-01-22 15:19:28.791 [AWT-EventQueue-0] DEBUG ihm - le tour du joueur : 0
2018-01-22 15:19:28.791 [AWT-EventQueue-0] DEBUG ihm - la lettre transmise : 0 - 0
2018-01-22 15:19:28.951 [AWT-EventQueue-0] DEBUG ihm - le tour du joueur : 0
2018-01-22 15:19:28.951 [AWT-EventQueue-0] DEBUG ihm - la lettre transmise : 0 - 0
2018-01-22 15:19:29.119 [AWT-EventQueue-0] DEBUG ihm - le tour du joueur : 0
2018-01-22 15:19:29.119 [AWT-EventQueue-0] DEBUG ihm - la lettre transmise : 0 - 0
2018-01-22 15:19:29.271 [AWT-EventQueue-0] DEBUG ihm - le tour du joueur : 0
2018-01-22 15:19:29.271 [AWT-EventQueue-0] DEBUG ihm - la lettre transmise : 0 - 0
2018-01-22 15:19:29.422 [AWT-EventQueue-0] DEBUG ihm - le tour du joueur : 0
2018-01-22 15:19:29.422 [AWT-EventQueue-0] DEBUG ihm - la lettre transmise : 0 - 0
2018-01-22 15:19:29.567 [AWT-EventQueue-0] DEBUG ihm - le tour du joueur : 0
2018-01-22 15:19:29.567 [AWT-EventQueue-0] DEBUG ihm - la lettre transmise : 0 - 0
2018-01-22 15:19:29.688 [AWT-EventQueue-0] DEBUG ihm - le tour du joueur : 0
2018-01-22 15:19:29.688 [AWT-EventQueue-0] DEBUG ihm - la lettre transmise : 0 - 0
2018-01-22 15:19:34.256 [AWT-EventQueue-0] DEBUG ihm - Ctrl TourDeJeu : 0
2018-01-22 15:19:34.256 [AWT-EventQueue-0] DEBUG ihm - la proposition du joueur : 4578
2018-01-22 15:19:34.256 [AWT-EventQueue-0] DEBUG ihm - la liste de prop du joueur : 4
2018-01-22 15:19:34.256 [AWT-EventQueue-0] DEBUG ihm - la liste de prop du joueur : 5
2018-01-22 15:19:34.256 [AWT-EventQueue-0] DEBUG ihm - la liste de prop du joueur : 7
2018-01-22 15:19:34.256 [AWT-EventQueue-0] DEBUG ihm - la liste de prop du joueur : 8
2018-01-22 15:19:34.256 [AWT-EventQueue-0] DEBUG ihm - decompo de combo : 1
2018-01-22 15:19:34.256 [AWT-EventQueue-0] DEBUG ihm - resultat difference : -3
2018-01-22 15:19:34.256 [AWT-EventQueue-0] DEBUG ihm - decompo de combo : 9
2018-01-22 15:19:34.256 [AWT-EventQueue-0] DEBUG ihm - resultat difference : 4
2018-01-22 15:19:34.257 [AWT-EventQueue-0] DEBUG ihm - decompo de combo : 4
2018-01-22 15:19:34.257 [AWT-EventQueue-0] DEBUG ihm - resultat difference : -3
2018-01-22 15:19:34.257 [AWT-EventQueue-0] DEBUG ihm - decompo de combo : 0
2018-01-22 15:19:34.257 [AWT-EventQueue-0] DEBUG ihm - resultat difference : -8
2018-01-22 15:19:41.607 [AWT-EventQueue-0] DEBUG ihm - le tour du joueur : 1
2018-01-22 15:19:41.607 [AWT-EventQueue-0] DEBUG ihm - la lettre transmise : 4 - 4
2018-01-22 15:19:42.111 [AWT-EventQueue-0] DEBUG ihm - le tour du joueur : 1
2018-01-22 15:19:42.111 [AWT-EventQueue-0] DEBUG ihm - la lettre transmise : 5 - 5
2018-01-22 15:19:42.448 [AWT-EventQueue-0] DEBUG ihm - le tour du joueur : 1
2018-01-22 15:19:42.448 [AWT-EventQueue-0] DEBUG ihm - la lettre transmise : 7 - 7
2018-01-22 15:19:42.711 [AWT-EventQueue-0] DEBUG ihm - le tour du joueur : 1
2018-01-22 15:19:42.711 [AWT-EventQueue-0] DEBUG ihm - la lettre transmise : 8 - 8
2018-01-22 15:19:43.847 [AWT-EventQueue-0] DEBUG ihm - Ctrl TourDeJeu : 1
2018-01-22 15:19:43.847 [AWT-EventQueue-0] DEBUG ihm - la proposition du joueur : 4578
2018-01-22 15:19:43.847 [AWT-EventQueue-0] DEBUG ihm - la liste de prop du joueur : 4
2018-01-22 15:19:43.848 [AWT-EventQueue-0] DEBUG ihm - la liste de prop du joueur : 5
2018-01-22 15:19:43.848 [AWT-EventQueue-0] DEBUG ihm - la liste de prop du joueur : 7
2018-01-22 15:19:43.848 [AWT-EventQueue-0] DEBUG ihm - la liste de prop du joueur : 8
2018-01-22 15:19:43.848 [AWT-EventQueue-0] DEBUG ihm - decompo de combo : 1
2018-01-22 15:19:43.848 [AWT-EventQueue-0] DEBUG ihm - resultat difference : -3
2018-01-22 15:19:43.848 [AWT-EventQueue-0] DEBUG ihm - decompo de combo : 9
2018-01-22 15:19:43.848 [AWT-EventQueue-0] DEBUG ihm - resultat difference : 4
2018-01-22 15:19:43.848 [AWT-EventQueue-0] DEBUG ihm - decompo de combo : 4
2018-01-22 15:19:43.848 [AWT-EventQueue-0] DEBUG ihm - resultat difference : -3
2018-01-22 15:19:43.848 [AWT-EventQueue-0] DEBUG ihm - decompo de combo : 0
2018-01-22 15:19:43.848 [AWT-EventQueue-0] DEBUG ihm - resultat difference : -8
2018-01-22 15:19:46.607 [AWT-EventQueue-0] DEBUG ihm - le tour du joueur : 2
2018-01-22 15:19:46.607 [AWT-EventQueue-0] DEBUG ihm - la lettre transmise : 8 - 8
2018-01-22 15:19:46.847 [AWT-EventQueue-0] DEBUG ihm - le tour du joueur : 2
2018-01-22 15:19:46.847 [AWT-EventQueue-0] DEBUG ihm - la lettre transmise : 7 - 7
2018-01-22 15:19:47.087 [AWT-EventQueue-0] DEBUG ihm - le tour du joueur : 2
2018-01-22 15:19:47.087 [AWT-EventQueue-0] DEBUG ihm - la lettre transmise : 4 - 4
2018-01-22 15:19:47.327 [AWT-EventQueue-0] DEBUG ihm - le tour du joueur : 2
2018-01-22 15:19:47.327 [AWT-EventQueue-0] DEBUG ihm - la lettre transmise : 5 - 5
2018-01-22 15:19:47.863 [AWT-EventQueue-0] DEBUG ihm - le tour du joueur : 2
2018-01-22 15:19:47.863 [AWT-EventQueue-0] DEBUG ihm - la lettre transmise : 0 - 0
2018-01-22 15:19:48.575 [AWT-EventQueue-0] DEBUG ihm - le tour du joueur : 2
2018-01-22 15:19:48.575 [AWT-EventQueue-0] DEBUG ihm - la lettre transmise : 0 - 0
2018-01-22 15:19:51.439 [AWT-EventQueue-0] DEBUG ihm - Ctrl TourDeJeu : 2
2018-01-22 15:19:51.439 [AWT-EventQueue-0] DEBUG ihm - la proposition du joueur : 8745
2018-01-22 15:19:51.439 [AWT-EventQueue-0] DEBUG ihm - la liste de prop du joueur : 8
2018-01-22 15:19:51.439 [AWT-EventQueue-0] DEBUG ihm - la liste de prop du joueur : 7
2018-01-22 15:19:51.439 [AWT-EventQueue-0] DEBUG ihm - la liste de prop du joueur : 4
2018-01-22 15:19:51.439 [AWT-EventQueue-0] DEBUG ihm - la liste de prop du joueur : 5
2018-01-22 15:19:51.439 [AWT-EventQueue-0] DEBUG ihm - decompo de combo : 1
2018-01-22 15:19:51.439 [AWT-EventQueue-0] DEBUG ihm - resultat difference : -7
2018-01-22 15:19:51.440 [AWT-EventQueue-0] DEBUG ihm - decompo de combo : 9
2018-01-22 15:19:51.440 [AWT-EventQueue-0] DEBUG ihm - resultat difference : 2
2018-01-22